<!DOCTYPE html PUBLIC "-//W3C//DTD XHTML 1.1//EN http://www.w3.org/TR/xhtml11/DTD/xhtml11.dtd">
<html xmlns="http://www.w3.org/1999/xhtml">
<head>
<title>TestNG:  Unit Test</title>
<style type="text/css">
table caption,table.info_table,table.param,table.passed,table.failed {margin-bottom:10px;border:1px solid #000099;border-collapse:collapse;empty-cells:show;}
table.info_table td,table.info_table th,table.param td,table.param th,table.passed td,table.passed th,table.failed td,table.failed th {
border:1px solid #000099;padding:.25em .5em .25em .5em
}
table.param th {vertical-align:bottom}
td.numi,th.numi,td.numi_attn {
text-align:right
}
tr.total td {font-weight:bold}
table caption {
text-align:center;font-weight:bold;
}
table.passed tr.stripe td,table tr.passedodd td {background-color: #00AA00;}
table.passed td,table tr.passedeven td {background-color: #33FF33;}
table.passed tr.stripe td,table tr.skippedodd td {background-color: #cccccc;}
table.passed td,table tr.skippedodd td {background-color: #dddddd;}
table.failed tr.stripe td,table tr.failedodd td,table.param td.numi_attn {background-color: #FF3333;}
table.failed td,table tr.failedeven td,table.param tr.stripe td.numi_attn {background-color: #DD0000;}
tr.stripe td,tr.stripe th {background-color: #E6EBF9;}
p.totop {font-size:85%;text-align:center;border-bottom:2px black solid}
div.shootout {padding:2em;border:3px #4854A8 solid}
</style>
</head>
<body>
<table cellspacing=0 cellpadding=0 class="param">
<tr><th>Test</th><th class="numi">Methods<br/>Passed</th><th class="numi">Scenarios<br/>Passed</th><th class="numi"># skipped</th><th class="numi"># failed</th><th class="numi">Total<br/>Time</th><th class="numi">Included<br/>Groups</th><th class="numi">Excluded<br/>Groups</th></tr>
<tr><td style="text-align:left;padding-right:2em">Default test</td><td class="numi">0</td><td class="numi">0</td><td class="numi_attn">2</td><td class="numi">0</td><td class="numi">2.3 seconds</td><td class="numi"></td><td class="numi"></td></tr>
</table>
<a id="summary"></a>
<table cellspacing=0 cellpadding=0 class="passed">
<tr><th>Class</th><th>Method</th><th># of<br/>Scenarios</th><th>Start</th><th>Time<br/>(ms)</th></tr>
<tr><th colspan="4">Default test &#8212; failed (configuration methods)</th></tr>
<tr class="failedodd"><td rowspan="1">com.otv.user.service.UserServiceTest<td><a href="#m1"><b>springTestContextPrepareTestInstance</b>  </a></td><td class="numi">1</td><td>1332610139853</td><td class="numi">0</td></tr>
<tr><th colspan="4">Default test &#8212; skipped (configuration methods)</th></tr>
<tr class="skippedodd"><td rowspan="3">com.otv.user.service.UserServiceTest<td><a href="#m2"><b>runBeforeMethod</b>  </a></td><td class="numi">2</td><td>1332610142101</td><td class="numi">17</td></tr><tr class="skippedodd"><td><a href="#m3"><b>springTestContextBeforeTestMethod</b>  </a></td><td class="numi">2</td><td>1332610142101</td><td class="numi">16</td></tr><tr class="skippedodd"><td><a href="#m4"><b>runBeforeClass</b>  </a></td><td class="numi">1</td><td>1332610142098</td><td class="numi">0</td></tr>
<tr><th colspan="4">Default test &#8212; skipped</th></tr>
<tr class="skippedodd"><td rowspan="2">com.otv.user.service.UserServiceTest<td><a href="#m5"><b>runFirstTestCase</b>  </a></td><td class="numi">1</td><td>1332610142102</td><td class="numi">0</td></tr><tr class="skippedodd"><td><a href="#m6"><b>runSecondTestCase</b>  </a></td><td class="numi">1</td><td>1332610142118</td><td class="numi">1</td></tr>
</table>
<h1>Default test</h1>
<a id="m1"></a><h2>com.otv.user.service.UserServiceTest:springTestContextPrepareTestInstance</h2>
<div style="padding-left:3em">
<p>Error creating bean with name &apos;com.otv.user.service.UserServiceTest&apos;: Injection of autowired dependencies failed; nested exception is org.springframework.beans.factory.BeanCreationException: Could not autowire field: com.otv.user.service.UserService com.otv.user.service.UserServiceTest.UserService; nested exception is org.springframework.beans.factory.NoSuchBeanDefinitionException: No matching bean of type [com.otv.user.service.UserService] found for dependency: expected at least 1 bean which qualifies as autowire candidate for this dependency. Dependency annotations: {@org.springframework.beans.factory.annotation.Autowired(required=true)}</p>
org.springframework.beans.factory.annotation.AutowiredAnnotationBeanPostProcessor.postProcessPropertyValues(AutowiredAnnotationBeanPostProcessor.java:287)
<br/>at org.springframework.beans.factory.support.AbstractAutowireCapableBeanFactory.populateBean(AbstractAutowireCapableBeanFactory.java:1106)
<br/>at org.springframework.beans.factory.support.AbstractAutowireCapableBeanFactory.autowireBeanProperties(AbstractAutowireCapableBeanFactory.java:374)
<br/>at org.springframework.test.context.support.DependencyInjectionTestExecutionListener.injectDependencies(DependencyInjectionTestExecutionListener.java:110)
<br/>at org.springframework.test.context.support.DependencyInjectionTestExecutionListener.prepareTestInstance(DependencyInjectionTestExecutionListener.java:75)
<br/>at org.springframework.test.context.TestContextManager.prepareTestInstance(TestContextManager.java:321)
<br/>at org.springframework.test.context.testng.AbstractTestNGSpringContextTests.springTestContextPrepareTestInstance(AbstractTestNGSpringContextTests.java:133)
<br/>at sun.reflect.NativeMethodAccessorImpl.invoke0(Native Method)
<br/>at sun.reflect.NativeMethodAccessorImpl.invoke(NativeMethodAccessorImpl.java:39)
<br/>at sun.reflect.DelegatingMethodAccessorImpl.invoke(DelegatingMethodAccessorImpl.java:25)
<br/>at java.lang.reflect.Method.invoke(Method.java:597)
<br/>at org.testng.internal.MethodInvocationHelper.invokeMethod(MethodInvocationHelper.java:80)
<br/>at org.testng.internal.Invoker.invokeConfigurationMethod(Invoker.java:551)
<br/>at org.testng.internal.Invoker.invokeConfigurations(Invoker.java:213)
<br/>at org.testng.internal.Invoker.invokeConfigurations(Invoker.java:138)
<br/>at org.testng.internal.TestMethodWorker.invokeBeforeClassMethods(TestMethodWorker.java:175)
<br/>at org.testng.internal.TestMethodWorker.run(TestMethodWorker.java:107)
<br/>at org.testng.TestRunner.privateRun(TestRunner.java:768)
<br/>at org.testng.TestRunner.run(TestRunner.java:617)
<br/>at org.testng.SuiteRunner.runTest(SuiteRunner.java:334)
<br/>at org.testng.SuiteRunner.runSequentially(SuiteRunner.java:329)
<br/>at org.testng.SuiteRunner.privateRun(SuiteRunner.java:291)
<br/>at org.testng.SuiteRunner.run(SuiteRunner.java:240)
<br/>at org.testng.SuiteRunnerWorker.runSuite(SuiteRunnerWorker.java:53)
<br/>at org.testng.SuiteRunnerWorker.run(SuiteRunnerWorker.java:87)
<br/>at org.testng.TestNG.runSuitesSequentially(TestNG.java:1185)
<br/>at org.testng.TestNG.runSuitesLocally(TestNG.java:1110)
<br/>at org.testng.TestNG.run(TestNG.java:1022)
<br/>at org.testng.remote.RemoteTestNG.run(RemoteTestNG.java:109)
<br/>at org.testng.remote.RemoteTestNG.initAndRun(RemoteTestNG.java:202)
<br/>at org.testng.remote.RemoteTestNG.main(RemoteTestNG.java:173)
<br/>1 lines not shown
<p>Caused by Could not autowire field: com.otv.user.service.UserService com.otv.user.service.UserServiceTest.UserService; nested exception is org.springframework.beans.factory.NoSuchBeanDefinitionException: No matching bean of type [com.otv.user.service.UserService] found for dependency: expected at least 1 bean which qualifies as autowire candidate for this dependency. Dependency annotations: {@org.springframework.beans.factory.annotation.Autowired(required=true)}</p>
org.springframework.beans.factory.annotation.AutowiredAnnotationBeanPostProcessor$AutowiredFieldElement.inject(AutowiredAnnotationBeanPostProcessor.java:506)
<br/>at org.springframework.beans.factory.annotation.InjectionMetadata.inject(InjectionMetadata.java:87)
<br/>at org.springframework.beans.factory.annotation.AutowiredAnnotationBeanPostProcessor.postProcessPropertyValues(AutowiredAnnotationBeanPostProcessor.java:284)
<br/>at org.springframework.beans.factory.support.AbstractAutowireCapableBeanFactory.populateBean(AbstractAutowireCapableBeanFactory.java:1106)
<br/>at org.springframework.beans.factory.support.AbstractAutowireCapableBeanFactory.autowireBeanProperties(AbstractAutowireCapableBeanFactory.java:374)
<br/>at org.springframework.test.context.support.DependencyInjectionTestExecutionListener.injectDependencies(DependencyInjectionTestExecutionListener.java:110)
<br/>at org.springframework.test.context.support.DependencyInjectionTestExecutionListener.prepareTestInstance(DependencyInjectionTestExecutionListener.java:75)
<br/>at org.springframework.test.context.TestContextManager.prepareTestInstance(TestContextManager.java:321)
<br/>at org.springframework.test.context.testng.AbstractTestNGSpringContextTests.springTestContextPrepareTestInstance(AbstractTestNGSpringContextTests.java:133)
<br/>at sun.reflect.NativeMethodAccessorImpl.invoke0(Native Method)
<br/>at sun.reflect.NativeMethodAccessorImpl.invoke(NativeMethodAccessorImpl.java:39)
<br/>at sun.reflect.DelegatingMethodAccessorImpl.invoke(DelegatingMethodAccessorImpl.java:25)
<br/>at java.lang.reflect.Method.invoke(Method.java:597)
<br/>at org.testng.internal.MethodInvocationHelper.invokeMethod(MethodInvocationHelper.java:80)
<br/>at org.testng.internal.Invoker.invokeConfigurationMethod(Invoker.java:551)
<br/>at org.testng.internal.Invoker.invokeConfigurations(Invoker.java:213)
<br/>at org.testng.internal.Invoker.invokeConfigurations(Invoker.java:138)
<br/>at org.testng.internal.TestMethodWorker.invokeBeforeClassMethods(TestMethodWorker.java:175)
<br/>at org.testng.internal.TestMethodWorker.run(TestMethodWorker.java:107)
<br/>at org.testng.TestRunner.privateRun(TestRunner.java:768)
<br/>at org.testng.TestRunner.run(TestRunner.java:617)
<br/>at org.testng.SuiteRunner.runTest(SuiteRunner.java:334)
<br/>at org.testng.SuiteRunner.runSequentially(SuiteRunner.java:329)
<br/>at org.testng.SuiteRunner.privateRun(SuiteRunner.java:291)
<br/>at org.testng.SuiteRunner.run(SuiteRunner.java:240)
<br/>at org.testng.SuiteRunnerWorker.runSuite(SuiteRunnerWorker.java:53)
<br/>at org.testng.SuiteRunnerWorker.run(SuiteRunnerWorker.java:87)
<br/>at org.testng.TestNG.runSuitesSequentially(TestNG.java:1185)
<br/>at org.testng.TestNG.runSuitesLocally(TestNG.java:1110)
<br/>at org.testng.TestNG.run(TestNG.java:1022)
<br/>at org.testng.remote.RemoteTestNG.run(RemoteTestNG.java:109)
<br/>at org.testng.remote.RemoteTestNG.initAndRun(RemoteTestNG.java:202)
<br/>at org.testng.remote.RemoteTestNG.main(RemoteTestNG.java:173)
<br/>1 lines not shown
<p>Caused by No matching bean of type [com.otv.user.service.UserService] found for dependency: expected at least 1 bean which qualifies as autowire candidate for this dependency. Dependency annotations: {@org.springframework.beans.factory.annotation.Autowired(required=true)}</p>
org.springframework.beans.factory.support.DefaultListableBeanFactory.raiseNoSuchBeanDefinitionException(DefaultListableBeanFactory.java:924)
<br/>at org.springframework.beans.factory.support.DefaultListableBeanFactory.doResolveDependency(DefaultListableBeanFactory.java:793)
<br/>at org.springframework.beans.factory.support.DefaultListableBeanFactory.resolveDependency(DefaultListableBeanFactory.java:707)
<br/>at org.springframework.beans.factory.annotation.AutowiredAnnotationBeanPostProcessor$AutowiredFieldElement.inject(AutowiredAnnotationBeanPostProcessor.java:478)
<br/>at org.springframework.beans.factory.annotation.InjectionMetadata.inject(InjectionMetadata.java:87)
<br/>at org.springframework.beans.factory.annotation.AutowiredAnnotationBeanPostProcessor.postProcessPropertyValues(AutowiredAnnotationBeanPostProcessor.java:284)
<br/>at org.springframework.beans.factory.support.AbstractAutowireCapableBeanFactory.populateBean(AbstractAutowireCapableBeanFactory.java:1106)
<br/>at org.springframework.beans.factory.support.AbstractAutowireCapableBeanFactory.autowireBeanProperties(AbstractAutowireCapableBeanFactory.java:374)
<br/>at org.springframework.test.context.support.DependencyInjectionTestExecutionListener.injectDependencies(DependencyInjectionTestExecutionListener.java:110)
<br/>at org.springframework.test.context.support.DependencyInjectionTestExecutionListener.prepareTestInstance(DependencyInjectionTestExecutionListener.java:75)
<br/>at org.springframework.test.context.TestContextManager.prepareTestInstance(TestContextManager.java:321)
<br/>at org.springframework.test.context.testng.AbstractTestNGSpringContextTests.springTestContextPrepareTestInstance(AbstractTestNGSpringContextTests.java:133)
<br/>at sun.reflect.NativeMethodAccessorImpl.invoke0(Native Method)
<br/>at sun.reflect.NativeMethodAccessorImpl.invoke(NativeMethodAccessorImpl.java:39)
<br/>at sun.reflect.DelegatingMethodAccessorImpl.invoke(DelegatingMethodAccessorImpl.java:25)
<br/>at java.lang.reflect.Method.invoke(Method.java:597)
<br/>at org.testng.internal.MethodInvocationHelper.invokeMethod(MethodInvocationHelper.java:80)
<br/>at org.testng.internal.Invoker.invokeConfigurationMethod(Invoker.java:551)
<br/>at org.testng.internal.Invoker.invokeConfigurations(Invoker.java:213)
<br/>at org.testng.internal.Invoker.invokeConfigurations(Invoker.java:138)
<br/>at org.testng.internal.TestMethodWorker.invokeBeforeClassMethods(TestMethodWorker.java:175)
<br/>at org.testng.internal.TestMethodWorker.run(TestMethodWorker.java:107)
<br/>at org.testng.TestRunner.privateRun(TestRunner.java:768)
<br/>at org.testng.TestRunner.run(TestRunner.java:617)
<br/>at org.testng.SuiteRunner.runTest(SuiteRunner.java:334)
<br/>at org.testng.SuiteRunner.runSequentially(SuiteRunner.java:329)
<br/>at org.testng.SuiteRunner.privateRun(SuiteRunner.java:291)
<br/>at org.testng.SuiteRunner.run(SuiteRunner.java:240)
<br/>at org.testng.SuiteRunnerWorker.runSuite(SuiteRunnerWorker.java:53)
<br/>at org.testng.SuiteRunnerWorker.run(SuiteRunnerWorker.java:87)
<br/>at org.testng.TestNG.runSuitesSequentially(TestNG.java:1185)
<br/>at org.testng.TestNG.runSuitesLocally(TestNG.java:1110)
<br/>at org.testng.TestNG.run(TestNG.java:1022)
<br/>at org.testng.remote.RemoteTestNG.run(RemoteTestNG.java:109)
<br/>at org.testng.remote.RemoteTestNG.initAndRun(RemoteTestNG.java:202)
<br/>at org.testng.remote.RemoteTestNG.main(RemoteTestNG.java:173)
<br/>1 lines not shown
</div>
<p class="totop"><a href="#summary">back to summary</a></p>
<a id="m2"></a><h2>com.otv.user.service.UserServiceTest:runBeforeMethod</h2>
<p class="totop"><a href="#summary">back to summary</a></p>
<a id="m3"></a><h2>com.otv.user.service.UserServiceTest:springTestContextBeforeTestMethod</h2>
<p class="totop"><a href="#summary">back to summary</a></p>
<a id="m4"></a><h2>com.otv.user.service.UserServiceTest:runBeforeClass</h2>
<p class="totop"><a href="#summary">back to summary</a></p>
<a id="m5"></a><h2>com.otv.user.service.UserServiceTest:runBeforeMethod</h2>
<p class="totop"><a href="#summary">back to summary</a></p>
<a id="m6"></a><h2>com.otv.user.service.UserServiceTest:springTestContextBeforeTestMethod</h2>
<p class="totop"><a href="#summary">back to summary</a></p>
<a id="m7"></a><h2>com.otv.user.service.UserServiceTest:runFirstTestCase</h2>
<p class="totop"><a href="#summary">back to summary</a></p>
<a id="m8"></a><h2>com.otv.user.service.UserServiceTest:runSecondTestCase</h2>
<p class="totop"><a href="#summary">back to summary</a></p>
</body></html>
